C:\USERS\USER\DOCUMENTS\VISUAL STUDIO 2010\PROJECTS\GRAPHICS\APPLICATION\DEBUG\APPLICATION.EXE.EMBED.MANIFEST
C:\USERS\USER\DOCUMENTS\VISUAL STUDIO 2010\PROJECTS\GRAPHICS\APPLICATION\DEBUG\APPLICATION.EXE.EMBED.MANIFEST.RES
C:\USERS\USER\DOCUMENTS\VISUAL STUDIO 2010\PROJECTS\GRAPHICS\APPLICATION\DEBUG\APPLICATION.EXE.INTERMEDIATE.MANIFEST
C:\USERS\USER\DOCUMENTS\VISUAL STUDIO 2010\PROJECTS\GRAPHICS\APPLICATION\DEBUG\APPLICATION.OBJ
C:\Users\User\documents\visual studio 2010\Projects\Graphics\Application\Debug\Application.vcxprojResolveAssemblyReference.cache
C:\Users\User\documents\visual studio 2010\Projects\Graphics\Application\Debug\Application.write.1.tlog
C:\Users\User\documents\visual studio 2010\Projects\Graphics\Application\Debug\Application_manifest.rc
C:\USERS\USER\DOCUMENTS\VISUAL STUDIO 2010\PROJECTS\GRAPHICS\APPLICATION\DEBUG\CAMERA.OBJ
C:\USERS\USER\DOCUMENTS\VISUAL STUDIO 2010\PROJECTS\GRAPHICS\APPLICATION\DEBUG\CAMERA2.OBJ
C:\Users\User\documents\visual studio 2010\Projects\Graphics\Application\Debug\cl.command.1.tlog
C:\Users\User\documents\visual studio 2010\Projects\Graphics\Application\Debug\CL.read.1.tlog
C:\Users\User\documents\visual studio 2010\Projects\Graphics\Application\Debug\CL.write.1.tlog
C:\Users\User\documents\visual studio 2010\Projects\Graphics\Application\Debug\link.10864.read.1.tlog
C:\Users\User\documents\visual studio 2010\Projects\Graphics\Application\Debug\link.10864.write.1.tlog
C:\Users\User\documents\visual studio 2010\Projects\Graphics\Application\Debug\link.10864-cvtres.read.1.tlog
C:\Users\User\documents\visual studio 2010\Projects\Graphics\Application\Debug\link.10864-cvtres.write.1.tlog
C:\Users\User\documents\visual studio 2010\Projects\Graphics\Application\Debug\link.14260.read.1.tlog
C:\Users\User\documents\visual studio 2010\Projects\Graphics\Application\Debug\link.14260.write.1.tlog
C:\Users\User\documents\visual studio 2010\Projects\Graphics\Application\Debug\link.14260-cvtres.read.1.tlog
C:\Users\User\documents\visual studio 2010\Projects\Graphics\Application\Debug\link.14260-cvtres.write.1.tlog
C:\Users\User\documents\visual studio 2010\Projects\Graphics\Application\Debug\link.15692.read.1.tlog
C:\Users\User\documents\visual studio 2010\Projects\Graphics\Application\Debug\link.15692.write.1.tlog
C:\Users\User\documents\visual studio 2010\Projects\Graphics\Application\Debug\link.15692-cvtres.read.1.tlog
C:\Users\User\documents\visual studio 2010\Projects\Graphics\Application\Debug\link.15692-cvtres.write.1.tlog
C:\Users\User\documents\visual studio 2010\Projects\Graphics\Application\Debug\link.16204.read.1.tlog
C:\Users\User\documents\visual studio 2010\Projects\Graphics\Application\Debug\link.16204.write.1.tlog
C:\Users\User\documents\visual studio 2010\Projects\Graphics\Application\Debug\link.16204-cvtres.read.1.tlog
C:\Users\User\documents\visual studio 2010\Projects\Graphics\Application\Debug\link.16204-cvtres.write.1.tlog
C:\Users\User\documents\visual studio 2010\Projects\Graphics\Application\Debug\link.16500.read.1.tlog
C:\Users\User\documents\visual studio 2010\Projects\Graphics\Application\Debug\link.16500.write.1.tlog
C:\Users\User\documents\visual studio 2010\Projects\Graphics\Application\Debug\link.16500-cvtres.read.1.tlog
C:\Users\User\documents\visual studio 2010\Projects\Graphics\Application\Debug\link.16500-cvtres.write.1.tlog
C:\Users\User\documents\visual studio 2010\Projects\Graphics\Application\Debug\link.17108.read.1.tlog
C:\Users\User\documents\visual studio 2010\Projects\Graphics\Application\Debug\link.17108.write.1.tlog
C:\Users\User\documents\visual studio 2010\Projects\Graphics\Application\Debug\link.17108-cvtres.read.1.tlog
C:\Users\User\documents\visual studio 2010\Projects\Graphics\Application\Debug\link.17108-cvtres.write.1.tlog
C:\Users\User\documents\visual studio 2010\Projects\Graphics\Application\Debug\link.18680.read.1.tlog
C:\Users\User\documents\visual studio 2010\Projects\Graphics\Application\Debug\link.18680.write.1.tlog
C:\Users\User\documents\visual studio 2010\Projects\Graphics\Application\Debug\link.18680-cvtres.read.1.tlog
C:\Users\User\documents\visual studio 2010\Projects\Graphics\Application\Debug\link.18680-cvtres.write.1.tlog
C:\Users\User\documents\visual studio 2010\Projects\Graphics\Application\Debug\link.22316.read.1.tlog
C:\Users\User\documents\visual studio 2010\Projects\Graphics\Application\Debug\link.22316.write.1.tlog
C:\Users\User\documents\visual studio 2010\Projects\Graphics\Application\Debug\link.22316-cvtres.read.1.tlog
C:\Users\User\documents\visual studio 2010\Projects\Graphics\Application\Debug\link.22316-cvtres.write.1.tlog
C:\Users\User\documents\visual studio 2010\Projects\Graphics\Application\Debug\link.2420.read.1.tlog
C:\Users\User\documents\visual studio 2010\Projects\Graphics\Application\Debug\link.2420.write.1.tlog
C:\Users\User\documents\visual studio 2010\Projects\Graphics\Application\Debug\link.2420-cvtres.read.1.tlog
C:\Users\User\documents\visual studio 2010\Projects\Graphics\Application\Debug\link.2420-cvtres.write.1.tlog
C:\Users\User\documents\visual studio 2010\Projects\Graphics\Application\Debug\link.3064.read.1.tlog
C:\Users\User\documents\visual studio 2010\Projects\Graphics\Application\Debug\link.3064.write.1.tlog
C:\Users\User\documents\visual studio 2010\Projects\Graphics\Application\Debug\link.3064-cvtres.read.1.tlog
C:\Users\User\documents\visual studio 2010\Projects\Graphics\Application\Debug\link.3064-cvtres.write.1.tlog
C:\Users\User\documents\visual studio 2010\Projects\Graphics\Application\Debug\link.3160.read.1.tlog
C:\Users\User\documents\visual studio 2010\Projects\Graphics\Application\Debug\link.3160.write.1.tlog
C:\Users\User\documents\visual studio 2010\Projects\Graphics\Application\Debug\link.3160-cvtres.read.1.tlog
C:\Users\User\documents\visual studio 2010\Projects\Graphics\Application\Debug\link.3160-cvtres.write.1.tlog
C:\Users\User\documents\visual studio 2010\Projects\Graphics\Application\Debug\link.3480.read.1.tlog
C:\Users\User\documents\visual studio 2010\Projects\Graphics\Application\Debug\link.3480.write.1.tlog
C:\Users\User\documents\visual studio 2010\Projects\Graphics\Application\Debug\link.3480-cvtres.read.1.tlog
C:\Users\User\documents\visual studio 2010\Projects\Graphics\Application\Debug\link.3480-cvtres.write.1.tlog
C:\Users\User\documents\visual studio 2010\Projects\Graphics\Application\Debug\link.4148.read.1.tlog
C:\Users\User\documents\visual studio 2010\Projects\Graphics\Application\Debug\link.4148.write.1.tlog
C:\Users\User\documents\visual studio 2010\Projects\Graphics\Application\Debug\link.4148-cvtres.read.1.tlog
C:\Users\User\documents\visual studio 2010\Projects\Graphics\Application\Debug\link.4148-cvtres.write.1.tlog
C:\Users\User\documents\visual studio 2010\Projects\Graphics\Application\Debug\link.5388.read.1.tlog
C:\Users\User\documents\visual studio 2010\Projects\Graphics\Application\Debug\link.5388.write.1.tlog
C:\Users\User\documents\visual studio 2010\Projects\Graphics\Application\Debug\link.5388-cvtres.read.1.tlog
C:\Users\User\documents\visual studio 2010\Projects\Graphics\Application\Debug\link.5388-cvtres.write.1.tlog
C:\Users\User\documents\visual studio 2010\Projects\Graphics\Application\Debug\link.5408.read.1.tlog
C:\Users\User\documents\visual studio 2010\Projects\Graphics\Application\Debug\link.5408.write.1.tlog
C:\Users\User\documents\visual studio 2010\Projects\Graphics\Application\Debug\link.5408-cvtres.read.1.tlog
C:\Users\User\documents\visual studio 2010\Projects\Graphics\Application\Debug\link.5408-cvtres.write.1.tlog
C:\Users\User\documents\visual studio 2010\Projects\Graphics\Application\Debug\link.5920.read.1.tlog
C:\Users\User\documents\visual studio 2010\Projects\Graphics\Application\Debug\link.5920.write.1.tlog
C:\Users\User\documents\visual studio 2010\Projects\Graphics\Application\Debug\link.5920-cvtres.read.1.tlog
C:\Users\User\documents\visual studio 2010\Projects\Graphics\Application\Debug\link.5920-cvtres.write.1.tlog
C:\Users\User\documents\visual studio 2010\Projects\Graphics\Application\Debug\link.6240.read.1.tlog
C:\Users\User\documents\visual studio 2010\Projects\Graphics\Application\Debug\link.6240.write.1.tlog
C:\Users\User\documents\visual studio 2010\Projects\Graphics\Application\Debug\link.6240-cvtres.read.1.tlog
C:\Users\User\documents\visual studio 2010\Projects\Graphics\Application\Debug\link.6240-cvtres.write.1.tlog
C:\Users\User\documents\visual studio 2010\Projects\Graphics\Application\Debug\link.6296.read.1.tlog
C:\Users\User\documents\visual studio 2010\Projects\Graphics\Application\Debug\link.6296.write.1.tlog
C:\Users\User\documents\visual studio 2010\Projects\Graphics\Application\Debug\link.6296-cvtres.read.1.tlog
C:\Users\User\documents\visual studio 2010\Projects\Graphics\Application\Debug\link.6296-cvtres.write.1.tlog
C:\Users\User\documents\visual studio 2010\Projects\Graphics\Application\Debug\link.6472.read.1.tlog
C:\Users\User\documents\visual studio 2010\Projects\Graphics\Application\Debug\link.6472.write.1.tlog
C:\Users\User\documents\visual studio 2010\Projects\Graphics\Application\Debug\link.6472-cvtres.read.1.tlog
C:\Users\User\documents\visual studio 2010\Projects\Graphics\Application\Debug\link.6472-cvtres.write.1.tlog
C:\Users\User\documents\visual studio 2010\Projects\Graphics\Application\Debug\link.6700.read.1.tlog
C:\Users\User\documents\visual studio 2010\Projects\Graphics\Application\Debug\link.6700.write.1.tlog
C:\Users\User\documents\visual studio 2010\Projects\Graphics\Application\Debug\link.6700-cvtres.read.1.tlog
C:\Users\User\documents\visual studio 2010\Projects\Graphics\Application\Debug\link.6700-cvtres.write.1.tlog
C:\Users\User\documents\visual studio 2010\Projects\Graphics\Application\Debug\link.9968.read.1.tlog
C:\Users\User\documents\visual studio 2010\Projects\Graphics\Application\Debug\link.9968.write.1.tlog
C:\Users\User\documents\visual studio 2010\Projects\Graphics\Application\Debug\link.9968-cvtres.read.1.tlog
C:\Users\User\documents\visual studio 2010\Projects\Graphics\Application\Debug\link.9968-cvtres.write.1.tlog
C:\Users\User\documents\visual studio 2010\Projects\Graphics\Application\Debug\link.command.1.tlog
C:\Users\User\documents\visual studio 2010\Projects\Graphics\Application\Debug\link.read.1.tlog
C:\Users\User\documents\visual studio 2010\Projects\Graphics\Application\Debug\link.write.1.tlog
C:\Users\User\documents\visual studio 2010\Projects\Graphics\Application\Debug\link-cvtres.read.1.tlog
C:\Users\User\documents\visual studio 2010\Projects\Graphics\Application\Debug\link-cvtres.write.1.tlog
C:\USERS\USER\DOCUMENTS\VISUAL STUDIO 2010\PROJECTS\GRAPHICS\APPLICATION\DEBUG\LOADOBJ.OBJ
C:\USERS\USER\DOCUMENTS\VISUAL STUDIO 2010\PROJECTS\GRAPHICS\APPLICATION\DEBUG\LOADTGA.OBJ
C:\USERS\USER\DOCUMENTS\VISUAL STUDIO 2010\PROJECTS\GRAPHICS\APPLICATION\DEBUG\MAIN.OBJ
C:\USERS\USER\DOCUMENTS\VISUAL STUDIO 2010\PROJECTS\GRAPHICS\APPLICATION\DEBUG\MESH.OBJ
C:\USERS\USER\DOCUMENTS\VISUAL STUDIO 2010\PROJECTS\GRAPHICS\APPLICATION\DEBUG\MESHBUILDER.OBJ
C:\Users\User\documents\visual studio 2010\Projects\Graphics\Application\Debug\mt.command.1.tlog
C:\Users\User\documents\visual studio 2010\Projects\Graphics\Application\Debug\mt.read.1.tlog
C:\Users\User\documents\visual studio 2010\Projects\Graphics\Application\Debug\mt.write.1.tlog
C:\Users\User\documents\visual studio 2010\Projects\Graphics\Application\Debug\rc.command.1.tlog
C:\Users\User\documents\visual studio 2010\Projects\Graphics\Application\Debug\rc.read.1.tlog
C:\Users\User\documents\visual studio 2010\Projects\Graphics\Application\Debug\rc.write.1.tlog
C:\USERS\USER\DOCUMENTS\VISUAL STUDIO 2010\PROJECTS\GRAPHICS\APPLICATION\DEBUG\SCENE1.OBJ
C:\USERS\USER\DOCUMENTS\VISUAL STUDIO 2010\PROJECTS\GRAPHICS\APPLICATION\DEBUG\SCENE2.OBJ
C:\USERS\USER\DOCUMENTS\VISUAL STUDIO 2010\PROJECTS\GRAPHICS\APPLICATION\DEBUG\SCENE3.OBJ
C:\USERS\USER\DOCUMENTS\VISUAL STUDIO 2010\PROJECTS\GRAPHICS\APPLICATION\DEBUG\SCENE4.OBJ
C:\USERS\USER\DOCUMENTS\VISUAL STUDIO 2010\PROJECTS\GRAPHICS\APPLICATION\DEBUG\SCENELIGHT.OBJ
C:\USERS\USER\DOCUMENTS\VISUAL STUDIO 2010\PROJECTS\GRAPHICS\APPLICATION\DEBUG\SCENEMODEL.OBJ
C:\USERS\USER\DOCUMENTS\VISUAL STUDIO 2010\PROJECTS\GRAPHICS\APPLICATION\DEBUG\SCENESKYBOX.OBJ
C:\USERS\USER\DOCUMENTS\VISUAL STUDIO 2010\PROJECTS\GRAPHICS\APPLICATION\DEBUG\SCENETEXT.OBJ
C:\USERS\USER\DOCUMENTS\VISUAL STUDIO 2010\PROJECTS\GRAPHICS\APPLICATION\DEBUG\SCENETEXTURE.OBJ
C:\USERS\USER\DOCUMENTS\VISUAL STUDIO 2010\PROJECTS\GRAPHICS\APPLICATION\DEBUG\SHADER.OBJ
C:\USERS\USER\DOCUMENTS\VISUAL STUDIO 2010\PROJECTS\GRAPHICS\APPLICATION\DEBUG\UTILITY.OBJ
C:\Users\User\documents\visual studio 2010\Projects\Graphics\Application\Debug\vc100.idb
C:\USERS\USER\DOCUMENTS\VISUAL STUDIO 2010\PROJECTS\GRAPHICS\APPLICATION\DEBUG\VC100.PDB
C:\USERS\USER\DOCUMENTS\VISUAL STUDIO 2010\PROJECTS\GRAPHICS\DEBUG\APPLICATION.EXE
C:\USERS\USER\DOCUMENTS\VISUAL STUDIO 2010\PROJECTS\GRAPHICS\DEBUG\APPLICATION.ILK
C:\USERS\USER\DOCUMENTS\VISUAL STUDIO 2010\PROJECTS\GRAPHICS\DEBUG\APPLICATION.PDB
