Build started 16/2/2015 1:10:24 PM.
     1>Project "C:\Users\User\Documents\GitRepo\SP2-11\Application\Application.vcxproj" on node 2 (build target(s)).
     1>InitializeBuildStatus:
         Creating "Debug\Application.unsuccessfulbuild" because "AlwaysCreate" was specified.
       ClCompile:
         C:\Program Files (x86)\Microsoft Visual Studio 10.0\VC\bin\CL.exe /c /I"C:\Users\User\Documents\GitRepo\SP2-11\\Common\Source" /I"C:\Users\User\Documents\GitRepo\SP2-11\\glfw\include" /I"C:\Users\User\Documents\GitRepo\SP2-11\\glew\include" /ZI /nologo /W3 /WX- /Od /Oy- /D WIN32 /D _DEBUG /D _CONSOLE /D _UNICODE /D UNICODE /Gm /EHsc /RTC1 /MDd /GS /fp:precise /Zc:wchar_t /Zc:forScope /Fo"Debug\\" /Fd"Debug\vc100.pdb" /Gd /TP /analyze- /errorReport:prompt Source\CameraFly.cpp
         CameraFly.cpp
     1>c:\users\user\documents\gitrepo\sp2-11\application\source\camerafly.cpp(102): warning C4244: 'argument' : conversion from 'double' to 'float', possible loss of data
     1>c:\users\user\documents\gitrepo\sp2-11\application\source\camerafly.cpp(106): warning C4244: 'argument' : conversion from 'double' to 'float', possible loss of data
     1>c:\users\user\documents\gitrepo\sp2-11\application\source\camerafly.cpp(112): warning C4244: 'argument' : conversion from 'double' to 'float', possible loss of data
     1>c:\users\user\documents\gitrepo\sp2-11\application\source\camerafly.cpp(118): warning C4244: 'argument' : conversion from 'double' to 'float', possible loss of data
     1>c:\users\user\documents\gitrepo\sp2-11\application\source\camerafly.cpp(158): warning C4018: '<' : signed/unsigned mismatch
       ManifestResourceCompile:
         All outputs are up-to-date.
       Link:
         C:\Program Files (x86)\Microsoft Visual Studio 10.0\VC\bin\link.exe /ERRORREPORT:PROMPT /OUT:"C:\Users\User\Documents\GitRepo\SP2-11\Debug\Application.exe" /INCREMENTAL /NOLOGO /LIBPATH:"C:\Users\User\Documents\GitRepo\SP2-11\\glew\lib" /LIBPATH:"C:\Users\User\Documents\GitRepo\SP2-11\\glfw\lib-msvc100" /LIBPATH:"C:\Users\User\Documents\GitRepo\SP2-11\Debug" glew32.lib glfw3.lib opengl32.lib winmm.lib Common.lib kernel32.lib user32.lib gdi32.lib winspool.lib comdlg32.lib advapi32.lib shell32.lib ole32.lib oleaut32.lib uuid.lib odbc32.lib odbccp32.lib /MANIFEST /ManifestFile:"Debug\Application.exe.intermediate.manifest" /MANIFESTUAC:"level='asInvoker' uiAccess='false'" /DEBUG /PDB:"C:\Users\User\Documents\GitRepo\SP2-11\Debug\Application.pdb" /SUBSYSTEM:CONSOLE /TLBID:1 /DYNAMICBASE /NXCOMPAT /IMPLIB:"C:\Users\User\Documents\GitRepo\SP2-11\Debug\Application.lib" /MACHINE:X86 Debug\Application.exe.embed.manifest.res
         Debug\Application.obj
         Debug\Camera.obj
         Debug\Camera2.obj
         Debug\CameraFly.obj
         Debug\LoadOBJ.obj
         Debug\LoadTGA.obj
         Debug\main.obj
         Debug\Mesh.obj
         Debug\MeshBuilder.obj
         Debug\SceneText.obj
         Debug\shader.obj
         Debug\Utility.obj
       Manifest:
         C:\Program Files (x86)\Microsoft SDKs\Windows\v7.0A\bin\mt.exe /nologo /verbose /out:"Debug\Application.exe.embed.manifest" /manifest Debug\Application.exe.intermediate.manifest
         All outputs are up-to-date.
       LinkEmbedManifest:
         All outputs are up-to-date.
         Application.vcxproj -> C:\Users\User\Documents\GitRepo\SP2-11\Debug\Application.exe
       FinalizeBuildStatus:
         Deleting file "Debug\Application.unsuccessfulbuild".
         Touching "Debug\Application.lastbuildstate".
     1>Done Building Project "C:\Users\User\Documents\GitRepo\SP2-11\Application\Application.vcxproj" (build target(s)).

Build succeeded.

Time Elapsed 00:00:01.50
